c:\users\msi\desktop\git\c-labs\lr6\task5.2\debug\vc142.pdb
c:\users\msi\desktop\git\c-labs\lr6\task5.2\debug\vc142.idb
c:\users\msi\desktop\git\c-labs\lr6\task5.2\debug\task5.2.obj
c:\users\msi\desktop\git\c-labs\lr6\task5.2\debug\source.obj
c:\users\msi\desktop\git\c-labs\lr6\task5.2\debug\test.obj
c:\users\msi\desktop\git\c-labs\lr6\task5.2\debug\set.obj
c:\users\msi\desktop\git\c-labs\lr6\task5.2\debug\task5.2.exe
c:\users\msi\desktop\git\c-labs\lr6\task5.2\debug\task5.2.ilk
c:\users\msi\desktop\git\c-labs\lr6\task5.2\debug\task5.2.pdb
c:\users\msi\desktop\git\c-labs\lr6\task5.2\debug\task5.2.tlog\cl.command.1.tlog
c:\users\msi\desktop\git\c-labs\lr6\task5.2\debug\task5.2.tlog\cl.read.1.tlog
c:\users\msi\desktop\git\c-labs\lr6\task5.2\debug\task5.2.tlog\cl.write.1.tlog
c:\users\msi\desktop\git\c-labs\lr6\task5.2\debug\task5.2.tlog\link.4100-cvtres.read.1.tlog
c:\users\msi\desktop\git\c-labs\lr6\task5.2\debug\task5.2.tlog\link.4100-cvtres.write.1.tlog
c:\users\msi\desktop\git\c-labs\lr6\task5.2\debug\task5.2.tlog\link.4100-rc.read.1.tlog
c:\users\msi\desktop\git\c-labs\lr6\task5.2\debug\task5.2.tlog\link.4100-rc.write.1.tlog
c:\users\msi\desktop\git\c-labs\lr6\task5.2\debug\task5.2.tlog\link.4100.read.1.tlog
c:\users\msi\desktop\git\c-labs\lr6\task5.2\debug\task5.2.tlog\link.4100.write.1.tlog
c:\users\msi\desktop\git\c-labs\lr6\task5.2\debug\task5.2.tlog\link.command.1.tlog
c:\users\msi\desktop\git\c-labs\lr6\task5.2\debug\task5.2.tlog\link.read.1.tlog
c:\users\msi\desktop\git\c-labs\lr6\task5.2\debug\task5.2.tlog\link.write.1.tlog
